2026-02-04T21:04:20.387+05:30  INFO 27424 --- [Warehouse] [main] c.e.warehouse.WarehouseApplication       : Starting WarehouseApplication using Java 17.0.16 with PID 27424 (C:\Credo System\JavaProject\Warehouse_ans\WareHouse\Backend\target\classes started by jayak in C:\Credo System\JavaProject\Warehouse_ans\WareHouse\Backend)
2026-02-04T21:04:20.397+05:30  INFO 27424 --- [Warehouse] [main] c.e.warehouse.WarehouseApplication       : No active profile set, falling back to 1 default profile: "default"
2026-02-04T21:04:20.882+05:30  INFO 27424 --- [Warehouse] [main] .s.d.r.c.RepositoryConfigurationDelegate : Bootstrapping Spring Data JPA repositories in DEFAULT mode.
2026-02-04T21:04:21.019+05:30  INFO 27424 --- [Warehouse] [main] .s.d.r.c.RepositoryConfigurationDelegate : Finished Spring Data repository scanning in 127 ms. Found 2 JPA repository interfaces.
2026-02-04T21:04:21.281+05:30  INFO 27424 --- [Warehouse] [main] faultConfiguringBeanFactoryPostProcessor : No bean named 'errorChannel' has been explicitly defined. Therefore, a default PublishSubscribeChannel will be created.
2026-02-04T21:04:21.290+05:30  INFO 27424 --- [Warehouse] [main] faultConfiguringBeanFactoryPostProcessor : No bean named 'integrationHeaderChannelRegistry' has been explicitly defined. Therefore, a default DefaultHeaderChannelRegistry will be created.
2026-02-04T21:04:21.800+05:30  INFO 27424 --- [Warehouse] [main] o.s.b.w.embedded.tomcat.TomcatWebServer  : Tomcat initialized with port 8080 (http)
2026-02-04T21:04:21.813+05:30  INFO 27424 --- [Warehouse] [main] o.apache.catalina.core.StandardService   : Starting service [Tomcat]
2026-02-04T21:04:21.813+05:30  INFO 27424 --- [Warehouse] [main] o.apache.catalina.core.StandardEngine    : Starting Servlet engine: [Apache Tomcat/10.1.20]
2026-02-04T21:04:21.878+05:30  INFO 27424 --- [Warehouse] [main] o.a.c.c.C.[Tomcat].[localhost].[/]       : Initializing Spring embedded WebApplicationContext
2026-02-04T21:04:21.878+05:30  INFO 27424 --- [Warehouse] [main] w.s.c.ServletWebServerApplicationContext : Root WebApplicationContext: initialization completed in 1438 ms
2026-02-04T21:04:21.916+05:30  INFO 27424 --- [Warehouse] [main] com.zaxxer.hikari.HikariDataSource       : HikariPool-1 - Starting...
2026-02-04T21:04:22.142+05:30  INFO 27424 --- [Warehouse] [main] com.zaxxer.hikari.pool.HikariPool        : HikariPool-1 - Added connection com.mysql.cj.jdbc.ConnectionImpl@437c4b25
2026-02-04T21:04:22.143+05:30  INFO 27424 --- [Warehouse] [main] com.zaxxer.hikari.HikariDataSource       : HikariPool-1 - Start completed.
2026-02-04T21:04:22.150+05:30  INFO 27424 --- [Warehouse] [main] o.s.b.a.h2.H2ConsoleAutoConfiguration    : H2 console available at '/h2-console'. Database available at 'jdbc:mysql://localhost:3306/warehouse_db?useSSL=false&allowPublicKeyRetrieval=true'
2026-02-04T21:04:22.279+05:30  INFO 27424 --- [Warehouse] [main] o.hibernate.jpa.internal.util.LogHelper  : HHH000204: Processing PersistenceUnitInfo [name: default]
2026-02-04T21:04:22.353+05:30  INFO 27424 --- [Warehouse] [main] org.hibernate.Version                    : HHH000412: Hibernate ORM core version 6.4.4.Final
2026-02-04T21:04:22.403+05:30  INFO 27424 --- [Warehouse] [main] o.h.c.internal.RegionFactoryInitiator    : HHH000026: Second-level cache disabled
2026-02-04T21:04:22.647+05:30  INFO 27424 --- [Warehouse] [main] o.s.o.j.p.SpringPersistenceUnitInfo      : No LoadTimeWeaver setup: ignoring JPA class transformer
2026-02-04T21:04:23.279+05:30  INFO 27424 --- [Warehouse] [main] o.h.e.t.j.p.i.JtaPlatformInitiator       : HHH000489: No JTA platform available (set 'hibernate.transaction.jta.platform' to enable JTA platform integration)
2026-02-04T21:04:23.318+05:30  INFO 27424 --- [Warehouse] [main] j.LocalContainerEntityManagerFactoryBean : Initialized JPA EntityManagerFactory for persistence unit 'default'
2026-02-04T21:04:23.881+05:30  INFO 27424 --- [Warehouse] [main] o.s.s.web.DefaultSecurityFilterChain     : Will secure any request with [org.springframework.security.web.session.DisableEncodeUrlFilter@7db679, org.springframework.security.web.context.request.async.WebAsyncManagerIntegrationFilter@7dc9b41a, org.springframework.security.web.context.SecurityContextHolderFilter@6e5a77ef, org.springframework.security.web.header.HeaderWriterFilter@2fd409c1, org.springframework.web.filter.CorsFilter@2f97e3de, org.springframework.security.web.authentication.logout.LogoutFilter@69c263f8, org.springframework.security.web.savedrequest.RequestCacheAwareFilter@13f17b8f, org.springframework.security.web.servletapi.SecurityContextHolderAwareRequestFilter@3cc2c4b8, org.springframework.security.web.authentication.AnonymousAuthenticationFilter@2f09907, org.springframework.security.web.access.ExceptionTranslationFilter@75caecf7, org.springframework.security.web.access.intercept.AuthorizationFilter@5ed463b7]
2026-02-04T21:04:24.215+05:30  INFO 27424 --- [Warehouse] [main] o.s.i.endpoint.EventDrivenConsumer       : Adding {logging-channel-adapter:_org.springframework.integration.errorLogger} as a subscriber to the 'errorChannel' channel
2026-02-04T21:04:24.216+05:30  INFO 27424 --- [Warehouse] [main] o.s.i.channel.PublishSubscribeChannel    : Channel 'Warehouse.errorChannel' has 1 subscriber(s).
2026-02-04T21:04:24.217+05:30  INFO 27424 --- [Warehouse] [main] o.s.i.endpoint.EventDrivenConsumer       : started bean '_org.springframework.integration.errorLogger'
2026-02-04T21:04:24.238+05:30  INFO 27424 --- [Warehouse] [main] o.s.b.w.embedded.tomcat.TomcatWebServer  : Tomcat started on port 8080 (http) with context path ''
2026-02-04T21:04:24.247+05:30  INFO 27424 --- [Warehouse] [main] c.e.warehouse.WarehouseApplication       : Started WarehouseApplication in 4.196 seconds (process running for 4.468)
2026-02-04T21:55:26.465+05:30  INFO 22668 --- [Warehouse] [main] c.e.warehouse.WarehouseApplication       : Starting WarehouseApplication using Java 17.0.16 with PID 22668 (C:\Credo System\JavaProject\Warehouse_ans\WareHouse\Backend\target\classes started by jayak in C:\Credo System\JavaProject\Warehouse_ans\WareHouse\Backend)
2026-02-04T21:55:26.467+05:30  INFO 22668 --- [Warehouse] [main] c.e.warehouse.WarehouseApplication       : No active profile set, falling back to 1 default profile: "default"
2026-02-04T21:55:27.011+05:30  INFO 22668 --- [Warehouse] [main] .s.d.r.c.RepositoryConfigurationDelegate : Bootstrapping Spring Data JPA repositories in DEFAULT mode.
2026-02-04T21:55:27.112+05:30  INFO 22668 --- [Warehouse] [main] .s.d.r.c.RepositoryConfigurationDelegate : Finished Spring Data repository scanning in 93 ms. Found 2 JPA repository interfaces.
2026-02-04T21:55:27.431+05:30  INFO 22668 --- [Warehouse] [main] faultConfiguringBeanFactoryPostProcessor : No bean named 'errorChannel' has been explicitly defined. Therefore, a default PublishSubscribeChannel will be created.
2026-02-04T21:55:27.449+05:30  INFO 22668 --- [Warehouse] [main] faultConfiguringBeanFactoryPostProcessor : No bean named 'integrationHeaderChannelRegistry' has been explicitly defined. Therefore, a default DefaultHeaderChannelRegistry will be created.
2026-02-04T21:55:28.107+05:30  INFO 22668 --- [Warehouse] [main] o.s.b.w.embedded.tomcat.TomcatWebServer  : Tomcat initialized with port 8080 (http)
2026-02-04T21:55:28.135+05:30  INFO 22668 --- [Warehouse] [main] o.apache.catalina.core.StandardService   : Starting service [Tomcat]
2026-02-04T21:55:28.135+05:30  INFO 22668 --- [Warehouse] [main] o.apache.catalina.core.StandardEngine    : Starting Servlet engine: [Apache Tomcat/10.1.20]
2026-02-04T21:55:28.239+05:30  INFO 22668 --- [Warehouse] [main] o.a.c.c.C.[Tomcat].[localhost].[/]       : Initializing Spring embedded WebApplicationContext
2026-02-04T21:55:28.239+05:30  INFO 22668 --- [Warehouse] [main] w.s.c.ServletWebServerApplicationContext : Root WebApplicationContext: initialization completed in 1727 ms
2026-02-04T21:55:28.285+05:30  INFO 22668 --- [Warehouse] [main] com.zaxxer.hikari.HikariDataSource       : HikariPool-1 - Starting...
2026-02-04T21:55:28.506+05:30  INFO 22668 --- [Warehouse] [main] com.zaxxer.hikari.pool.HikariPool        : HikariPool-1 - Added connection com.mysql.cj.jdbc.ConnectionImpl@55846997
2026-02-04T21:55:28.506+05:30  INFO 22668 --- [Warehouse] [main] com.zaxxer.hikari.HikariDataSource       : HikariPool-1 - Start completed.
2026-02-04T21:55:28.518+05:30  INFO 22668 --- [Warehouse] [main] o.s.b.a.h2.H2ConsoleAutoConfiguration    : H2 console available at '/h2-console'. Database available at 'jdbc:mysql://localhost:3306/warehouse_db?useSSL=false&allowPublicKeyRetrieval=true'
2026-02-04T21:55:28.678+05:30  INFO 22668 --- [Warehouse] [main] o.hibernate.jpa.internal.util.LogHelper  : HHH000204: Processing PersistenceUnitInfo [name: default]
2026-02-04T21:55:28.727+05:30  INFO 22668 --- [Warehouse] [main] org.hibernate.Version                    : HHH000412: Hibernate ORM core version 6.4.4.Final
2026-02-04T21:55:28.776+05:30  INFO 22668 --- [Warehouse] [main] o.h.c.internal.RegionFactoryInitiator    : HHH000026: Second-level cache disabled
2026-02-04T21:55:29.069+05:30  INFO 22668 --- [Warehouse] [main] o.s.o.j.p.SpringPersistenceUnitInfo      : No LoadTimeWeaver setup: ignoring JPA class transformer
2026-02-04T21:55:29.963+05:30  INFO 22668 --- [Warehouse] [main] o.h.e.t.j.p.i.JtaPlatformInitiator       : HHH000489: No JTA platform available (set 'hibernate.transaction.jta.platform' to enable JTA platform integration)
2026-02-04T21:55:30.053+05:30  INFO 22668 --- [Warehouse] [main] j.LocalContainerEntityManagerFactoryBean : Initialized JPA EntityManagerFactory for persistence unit 'default'
2026-02-04T21:55:30.873+05:30  INFO 22668 --- [Warehouse] [main] o.s.s.web.DefaultSecurityFilterChain     : Will secure any request with [org.springframework.security.web.session.DisableEncodeUrlFilter@399a5a52, org.springframework.security.web.context.request.async.WebAsyncManagerIntegrationFilter@1677f98b, org.springframework.security.web.context.SecurityContextHolderFilter@70f0c352, org.springframework.security.web.header.HeaderWriterFilter@7cc842b0, org.springframework.web.filter.CorsFilter@30b29f55, org.springframework.security.web.authentication.logout.LogoutFilter@524418a2, org.springframework.security.web.savedrequest.RequestCacheAwareFilter@743b7025, org.springframework.security.web.servletapi.SecurityContextHolderAwareRequestFilter@5eadc347, org.springframework.security.web.authentication.AnonymousAuthenticationFilter@3eadfbbb, org.springframework.security.web.access.ExceptionTranslationFilter@2d093067, org.springframework.security.web.access.intercept.AuthorizationFilter@3b72860c]
2026-02-04T21:55:31.572+05:30  INFO 22668 --- [Warehouse] [main] o.s.i.endpoint.EventDrivenConsumer       : Adding {logging-channel-adapter:_org.springframework.integration.errorLogger} as a subscriber to the 'errorChannel' channel
2026-02-04T21:55:31.573+05:30  INFO 22668 --- [Warehouse] [main] o.s.i.channel.PublishSubscribeChannel    : Channel 'Warehouse.errorChannel' has 1 subscriber(s).
2026-02-04T21:55:31.574+05:30  INFO 22668 --- [Warehouse] [main] o.s.i.endpoint.EventDrivenConsumer       : started bean '_org.springframework.integration.errorLogger'
2026-02-04T21:55:31.633+05:30  INFO 22668 --- [Warehouse] [main] o.s.b.w.embedded.tomcat.TomcatWebServer  : Tomcat started on port 8080 (http) with context path ''
2026-02-04T21:55:31.649+05:30  INFO 22668 --- [Warehouse] [main] c.e.warehouse.WarehouseApplication       : Started WarehouseApplication in 5.553 seconds (process running for 5.847)
2026-02-04T22:11:01.740+05:30  INFO 22668 --- [Warehouse] [http-nio-8080-exec-1] o.a.c.c.C.[Tomcat].[localhost].[/]       : Initializing Spring DispatcherServlet 'dispatcherServlet'
2026-02-04T22:11:01.740+05:30  INFO 22668 --- [Warehouse] [http-nio-8080-exec-1] o.s.web.servlet.DispatcherServlet        : Initializing Servlet 'dispatcherServlet'
2026-02-04T22:11:01.740+05:30  INFO 22668 --- [Warehouse] [http-nio-8080-exec-1] o.s.web.servlet.DispatcherServlet        : Completed initialization in 0 ms
2026-02-04T22:32:58.397+05:30  INFO 29224 --- [Warehouse] [main] c.e.warehouse.WarehouseApplication       : Starting WarehouseApplication using Java 17.0.16 with PID 29224 (C:\Credo System\JavaProject\Warehouse_ans\WareHouse\Backend\target\classes started by jayak in C:\Credo System\JavaProject\Warehouse_ans\WareHouse\Backend)
2026-02-04T22:32:58.399+05:30  INFO 29224 --- [Warehouse] [main] c.e.warehouse.WarehouseApplication       : No active profile set, falling back to 1 default profile: "default"
2026-02-04T22:32:58.989+05:30  INFO 29224 --- [Warehouse] [main] .s.d.r.c.RepositoryConfigurationDelegate : Bootstrapping Spring Data JPA repositories in DEFAULT mode.
2026-02-04T22:32:59.087+05:30  INFO 29224 --- [Warehouse] [main] .s.d.r.c.RepositoryConfigurationDelegate : Finished Spring Data repository scanning in 92 ms. Found 2 JPA repository interfaces.
2026-02-04T22:32:59.398+05:30  INFO 29224 --- [Warehouse] [main] faultConfiguringBeanFactoryPostProcessor : No bean named 'errorChannel' has been explicitly defined. Therefore, a default PublishSubscribeChannel will be created.
2026-02-04T22:32:59.404+05:30  INFO 29224 --- [Warehouse] [main] faultConfiguringBeanFactoryPostProcessor : No bean named 'integrationHeaderChannelRegistry' has been explicitly defined. Therefore, a default DefaultHeaderChannelRegistry will be created.
2026-02-04T22:33:00.010+05:30  INFO 29224 --- [Warehouse] [main] o.s.b.w.embedded.tomcat.TomcatWebServer  : Tomcat initialized with port 8080 (http)
2026-02-04T22:33:00.023+05:30  INFO 29224 --- [Warehouse] [main] o.apache.catalina.core.StandardService   : Starting service [Tomcat]
2026-02-04T22:33:00.023+05:30  INFO 29224 --- [Warehouse] [main] o.apache.catalina.core.StandardEngine    : Starting Servlet engine: [Apache Tomcat/10.1.20]
2026-02-04T22:33:00.093+05:30  INFO 29224 --- [Warehouse] [main] o.a.c.c.C.[Tomcat].[localhost].[/]       : Initializing Spring embedded WebApplicationContext
2026-02-04T22:33:00.093+05:30  INFO 29224 --- [Warehouse] [main] w.s.c.ServletWebServerApplicationContext : Root WebApplicationContext: initialization completed in 1637 ms
2026-02-04T22:33:00.133+05:30  INFO 29224 --- [Warehouse] [main] com.zaxxer.hikari.HikariDataSource       : HikariPool-1 - Starting...
2026-02-04T22:33:00.337+05:30  INFO 29224 --- [Warehouse] [main] com.zaxxer.hikari.pool.HikariPool        : HikariPool-1 - Added connection com.mysql.cj.jdbc.ConnectionImpl@2f9b21d6
2026-02-04T22:33:00.338+05:30  INFO 29224 --- [Warehouse] [main] com.zaxxer.hikari.HikariDataSource       : HikariPool-1 - Start completed.
2026-02-04T22:33:00.349+05:30  INFO 29224 --- [Warehouse] [main] o.s.b.a.h2.H2ConsoleAutoConfiguration    : H2 console available at '/h2-console'. Database available at 'jdbc:mysql://localhost:3306/warehouse_db?useSSL=false&allowPublicKeyRetrieval=true'
2026-02-04T22:33:00.503+05:30  INFO 29224 --- [Warehouse] [main] o.hibernate.jpa.internal.util.LogHelper  : HHH000204: Processing PersistenceUnitInfo [name: default]
2026-02-04T22:33:00.551+05:30  INFO 29224 --- [Warehouse] [main] org.hibernate.Version                    : HHH000412: Hibernate ORM core version 6.4.4.Final
2026-02-04T22:33:00.595+05:30  INFO 29224 --- [Warehouse] [main] o.h.c.internal.RegionFactoryInitiator    : HHH000026: Second-level cache disabled
2026-02-04T22:33:00.805+05:30  INFO 29224 --- [Warehouse] [main] o.s.o.j.p.SpringPersistenceUnitInfo      : No LoadTimeWeaver setup: ignoring JPA class transformer
2026-02-04T22:33:01.413+05:30  INFO 29224 --- [Warehouse] [main] o.h.e.t.j.p.i.JtaPlatformInitiator       : HHH000489: No JTA platform available (set 'hibernate.transaction.jta.platform' to enable JTA platform integration)
2026-02-04T22:33:01.446+05:30  INFO 29224 --- [Warehouse] [main] j.LocalContainerEntityManagerFactoryBean : Initialized JPA EntityManagerFactory for persistence unit 'default'
2026-02-04T22:33:02.190+05:30  INFO 29224 --- [Warehouse] [main] o.s.s.web.DefaultSecurityFilterChain     : Will secure any request with [org.springframework.security.web.session.DisableEncodeUrlFilter@3b7b099b, org.springframework.security.web.context.request.async.WebAsyncManagerIntegrationFilter@5abc488d, org.springframework.security.web.context.SecurityContextHolderFilter@5b4ce00, org.springframework.security.web.header.HeaderWriterFilter@524418a2, org.springframework.web.filter.CorsFilter@30d944d8, org.springframework.security.web.authentication.logout.LogoutFilter@4bdbfbc6, org.springframework.security.web.savedrequest.RequestCacheAwareFilter@69e308e2, org.springframework.security.web.servletapi.SecurityContextHolderAwareRequestFilter@3f67f5ff, org.springframework.security.web.authentication.AnonymousAuthenticationFilter@1c76b2fe, org.springframework.security.web.access.ExceptionTranslationFilter@3b7dd173, org.springframework.security.web.access.intercept.AuthorizationFilter@5466a819]
2026-02-04T22:33:02.700+05:30  INFO 29224 --- [Warehouse] [main] o.s.i.endpoint.EventDrivenConsumer       : Adding {logging-channel-adapter:_org.springframework.integration.errorLogger} as a subscriber to the 'errorChannel' channel
2026-02-04T22:33:02.701+05:30  INFO 29224 --- [Warehouse] [main] o.s.i.channel.PublishSubscribeChannel    : Channel 'Warehouse.errorChannel' has 1 subscriber(s).
2026-02-04T22:33:02.702+05:30  INFO 29224 --- [Warehouse] [main] o.s.i.endpoint.EventDrivenConsumer       : started bean '_org.springframework.integration.errorLogger'
2026-02-04T22:33:02.739+05:30  INFO 29224 --- [Warehouse] [main] o.s.b.w.embedded.tomcat.TomcatWebServer  : Tomcat started on port 8080 (http) with context path ''
2026-02-04T22:33:02.753+05:30  INFO 29224 --- [Warehouse] [main] c.e.warehouse.WarehouseApplication       : Started WarehouseApplication in 4.727 seconds (process running for 5.012)
2026-02-04T22:40:43.569+05:30  INFO 29224 --- [Warehouse] [http-nio-8080-exec-1] o.a.c.c.C.[Tomcat].[localhost].[/]       : Initializing Spring DispatcherServlet 'dispatcherServlet'
2026-02-04T22:40:43.569+05:30  INFO 29224 --- [Warehouse] [http-nio-8080-exec-1] o.s.web.servlet.DispatcherServlet        : Initializing Servlet 'dispatcherServlet'
2026-02-04T22:40:43.569+05:30  INFO 29224 --- [Warehouse] [http-nio-8080-exec-1] o.s.web.servlet.DispatcherServlet        : Completed initialization in 0 ms
2026-02-04T22:41:59.603+05:30  INFO 22416 --- [Warehouse] [main] c.e.warehouse.WarehouseApplication       : Starting WarehouseApplication using Java 17.0.16 with PID 22416 (C:\Credo System\JavaProject\Warehouse_ans\WareHouse\Backend\target\classes started by jayak in C:\Credo System\JavaProject\Warehouse_ans\WareHouse\Backend)
2026-02-04T22:41:59.605+05:30  INFO 22416 --- [Warehouse] [main] c.e.warehouse.WarehouseApplication       : No active profile set, falling back to 1 default profile: "default"
2026-02-04T22:42:00.164+05:30  INFO 22416 --- [Warehouse] [main] .s.d.r.c.RepositoryConfigurationDelegate : Bootstrapping Spring Data JPA repositories in DEFAULT mode.
2026-02-04T22:42:00.276+05:30  INFO 22416 --- [Warehouse] [main] .s.d.r.c.RepositoryConfigurationDelegate : Finished Spring Data repository scanning in 105 ms. Found 2 JPA repository interfaces.
2026-02-04T22:42:00.605+05:30  INFO 22416 --- [Warehouse] [main] faultConfiguringBeanFactoryPostProcessor : No bean named 'errorChannel' has been explicitly defined. Therefore, a default PublishSubscribeChannel will be created.
2026-02-04T22:42:00.615+05:30  INFO 22416 --- [Warehouse] [main] faultConfiguringBeanFactoryPostProcessor : No bean named 'integrationHeaderChannelRegistry' has been explicitly defined. Therefore, a default DefaultHeaderChannelRegistry will be created.
2026-02-04T22:42:01.175+05:30  INFO 22416 --- [Warehouse] [main] o.s.b.w.embedded.tomcat.TomcatWebServer  : Tomcat initialized with port 8080 (http)
2026-02-04T22:42:01.193+05:30  INFO 22416 --- [Warehouse] [main] o.apache.catalina.core.StandardService   : Starting service [Tomcat]
2026-02-04T22:42:01.194+05:30  INFO 22416 --- [Warehouse] [main] o.apache.catalina.core.StandardEngine    : Starting Servlet engine: [Apache Tomcat/10.1.20]
2026-02-04T22:42:01.275+05:30  INFO 22416 --- [Warehouse] [main] o.a.c.c.C.[Tomcat].[localhost].[/]       : Initializing Spring embedded WebApplicationContext
2026-02-04T22:42:01.276+05:30  INFO 22416 --- [Warehouse] [main] w.s.c.ServletWebServerApplicationContext : Root WebApplicationContext: initialization completed in 1613 ms
2026-02-04T22:42:01.323+05:30  INFO 22416 --- [Warehouse] [main] com.zaxxer.hikari.HikariDataSource       : HikariPool-1 - Starting...
2026-02-04T22:42:01.503+05:30  INFO 22416 --- [Warehouse] [main] com.zaxxer.hikari.pool.HikariPool        : HikariPool-1 - Added connection com.mysql.cj.jdbc.ConnectionImpl@4b195203
2026-02-04T22:42:01.505+05:30  INFO 22416 --- [Warehouse] [main] com.zaxxer.hikari.HikariDataSource       : HikariPool-1 - Start completed.
2026-02-04T22:42:01.515+05:30  INFO 22416 --- [Warehouse] [main] o.s.b.a.h2.H2ConsoleAutoConfiguration    : H2 console available at '/h2-console'. Database available at 'jdbc:mysql://localhost:3306/warehouse_db?useSSL=false&allowPublicKeyRetrieval=true'
2026-02-04T22:42:01.728+05:30  INFO 22416 --- [Warehouse] [main] o.hibernate.jpa.internal.util.LogHelper  : HHH000204: Processing PersistenceUnitInfo [name: default]
2026-02-04T22:42:01.779+05:30  INFO 22416 --- [Warehouse] [main] org.hibernate.Version                    : HHH000412: Hibernate ORM core version 6.4.4.Final
2026-02-04T22:42:01.814+05:30  INFO 22416 --- [Warehouse] [main] o.h.c.internal.RegionFactoryInitiator    : HHH000026: Second-level cache disabled
2026-02-04T22:42:02.052+05:30  INFO 22416 --- [Warehouse] [main] o.s.o.j.p.SpringPersistenceUnitInfo      : No LoadTimeWeaver setup: ignoring JPA class transformer
2026-02-04T22:42:02.660+05:30  INFO 22416 --- [Warehouse] [main] o.h.e.t.j.p.i.JtaPlatformInitiator       : HHH000489: No JTA platform available (set 'hibernate.transaction.jta.platform' to enable JTA platform integration)
2026-02-04T22:42:02.690+05:30  INFO 22416 --- [Warehouse] [main] j.LocalContainerEntityManagerFactoryBean : Initialized JPA EntityManagerFactory for persistence unit 'default'
2026-02-04T22:42:03.357+05:30  INFO 22416 --- [Warehouse] [main] o.s.s.web.DefaultSecurityFilterChain     : Will secure any request with [org.springframework.security.web.session.DisableEncodeUrlFilter@2a7b4bb6, org.springframework.security.web.context.request.async.WebAsyncManagerIntegrationFilter@65a3d7c9, org.springframework.security.web.context.SecurityContextHolderFilter@3b7dd173, org.springframework.security.web.header.HeaderWriterFilter@20ddc780, org.springframework.web.filter.CorsFilter@5466a819, org.springframework.security.web.authentication.logout.LogoutFilter@73483d4b, org.springframework.security.web.savedrequest.RequestCacheAwareFilter@524418a2, org.springframework.security.web.servletapi.SecurityContextHolderAwareRequestFilter@322593ed, org.springframework.security.web.authentication.AnonymousAuthenticationFilter@30cb489a, org.springframework.security.web.access.ExceptionTranslationFilter@22f0e329, org.springframework.security.web.access.intercept.AuthorizationFilter@7866fe3e]
2026-02-04T22:42:03.950+05:30  INFO 22416 --- [Warehouse] [main] o.s.i.endpoint.EventDrivenConsumer       : Adding {logging-channel-adapter:_org.springframework.integration.errorLogger} as a subscriber to the 'errorChannel' channel
2026-02-04T22:42:03.950+05:30  INFO 22416 --- [Warehouse] [main] o.s.i.channel.PublishSubscribeChannel    : Channel 'Warehouse.errorChannel' has 1 subscriber(s).
2026-02-04T22:42:03.952+05:30  INFO 22416 --- [Warehouse] [main] o.s.i.endpoint.EventDrivenConsumer       : started bean '_org.springframework.integration.errorLogger'
2026-02-04T22:42:03.974+05:30  INFO 22416 --- [Warehouse] [main] o.s.b.w.embedded.tomcat.TomcatWebServer  : Tomcat started on port 8080 (http) with context path ''
2026-02-04T22:42:03.988+05:30  INFO 22416 --- [Warehouse] [main] c.e.warehouse.WarehouseApplication       : Started WarehouseApplication in 4.764 seconds (process running for 5.053)
2026-02-04T22:43:24.666+05:30  INFO 22416 --- [Warehouse] [http-nio-8080-exec-4] o.a.c.c.C.[Tomcat].[localhost].[/]       : Initializing Spring DispatcherServlet 'dispatcherServlet'
2026-02-04T22:43:24.666+05:30  INFO 22416 --- [Warehouse] [http-nio-8080-exec-4] o.s.web.servlet.DispatcherServlet        : Initializing Servlet 'dispatcherServlet'
2026-02-04T22:43:24.669+05:30  INFO 22416 --- [Warehouse] [http-nio-8080-exec-4] o.s.web.servlet.DispatcherServlet        : Completed initialization in 2 ms
